c:\users\antoine0\source\repos\ai-steroid-bullet\ai-steroid-bullet\x64\debug\vc141.pdb
c:\users\antoine0\source\repos\ai-steroid-bullet\ai-steroid-bullet\x64\debug\vc141.idb
c:\users\antoine0\source\repos\ai-steroid-bullet\ai-steroid-bullet\x64\debug\asteroid.obj
c:\users\antoine0\source\repos\ai-steroid-bullet\ai-steroid-bullet\x64\debug\asteroidmanager.obj
c:\users\antoine0\source\repos\ai-steroid-bullet\ai-steroid-bullet\x64\debug\hasphysics.obj
c:\users\antoine0\source\repos\ai-steroid-bullet\ai-steroid-bullet\x64\debug\iagridvisual.obj
c:\users\antoine0\source\repos\ai-steroid-bullet\ai-steroid-bullet\x64\debug\main.obj
c:\users\antoine0\source\repos\ai-steroid-bullet\ai-steroid-bullet\x64\debug\texturemanager.obj
c:\users\antoine0\source\repos\ai-steroid-bullet\ai-steroid-bullet\x64\debug\bullet.obj
c:\users\antoine0\source\repos\ai-steroid-bullet\ai-steroid-bullet\x64\debug\bulletmanager.obj
c:\users\antoine0\source\repos\ai-steroid-bullet\ai-steroid-bullet\x64\debug\collisionsmanager.obj
c:\users\antoine0\source\repos\ai-steroid-bullet\ai-steroid-bullet\x64\debug\vessel.obj
c:\users\antoine0\source\repos\ai-steroid-bullet\ai-steroid-bullet\x64\debug\ai-steroid.ilk
c:\users\antoine0\source\repos\ai-steroid-bullet\ai-steroid-bullet\x64\debug\ai-steroid.res
c:\users\antoine0\source\repos\ai-steroid-bullet\ai-steroid-bullet\x64\debug\ai-steroid.pdb
c:\users\antoine0\source\repos\ai-steroid-bullet\x64\debug\ai-steroid-bullet.pdb
c:\users\antoine0\source\repos\ai-steroid-bullet\ai-steroid-bullet\x64\debug\ai-stero.d30322ec.tlog\cl.command.1.tlog
c:\users\antoine0\source\repos\ai-steroid-bullet\ai-steroid-bullet\x64\debug\ai-stero.d30322ec.tlog\cl.read.1.tlog
c:\users\antoine0\source\repos\ai-steroid-bullet\ai-steroid-bullet\x64\debug\ai-stero.d30322ec.tlog\cl.write.1.tlog
c:\users\antoine0\source\repos\ai-steroid-bullet\ai-steroid-bullet\x64\debug\ai-stero.d30322ec.tlog\link-cvtres.read.1.tlog
c:\users\antoine0\source\repos\ai-steroid-bullet\ai-steroid-bullet\x64\debug\ai-stero.d30322ec.tlog\link-cvtres.write.1.tlog
c:\users\antoine0\source\repos\ai-steroid-bullet\ai-steroid-bullet\x64\debug\ai-stero.d30322ec.tlog\link-rc.read.1.tlog
c:\users\antoine0\source\repos\ai-steroid-bullet\ai-steroid-bullet\x64\debug\ai-stero.d30322ec.tlog\link-rc.write.1.tlog
c:\users\antoine0\source\repos\ai-steroid-bullet\ai-steroid-bullet\x64\debug\ai-stero.d30322ec.tlog\link.command.1.tlog
c:\users\antoine0\source\repos\ai-steroid-bullet\ai-steroid-bullet\x64\debug\ai-stero.d30322ec.tlog\link.read.1.tlog
c:\users\antoine0\source\repos\ai-steroid-bullet\ai-steroid-bullet\x64\debug\ai-stero.d30322ec.tlog\link.write.1.tlog
