c:\users\antoine0\source\repos\ai-steroid\x64\release\ai-steroid.ipdb
c:\users\antoine0\source\repos\ai-steroid\x64\release\ai-steroid.iobj
c:\users\antoine0\source\repos\ai-steroid\ai-steroid\x64\release\vc141.pdb
c:\users\antoine0\source\repos\ai-steroid\ai-steroid\x64\release\iagridvisual.obj
c:\users\antoine0\source\repos\ai-steroid\ai-steroid\x64\release\asteroidmanager.obj
c:\users\antoine0\source\repos\ai-steroid\ai-steroid\x64\release\asteroid.obj
c:\users\antoine0\source\repos\ai-steroid\ai-steroid\x64\release\main.obj
c:\users\antoine0\source\repos\ai-steroid\ai-steroid\x64\release\hasphysics.obj
c:\users\antoine0\source\repos\ai-steroid\ai-steroid\x64\release\texturemanager.obj
c:\users\antoine0\source\repos\ai-steroid\x64\release\ai-steroid.exe
c:\users\antoine0\source\repos\ai-steroid\x64\release\ai-steroid.pdb
c:\users\antoine0\source\repos\ai-steroid\ai-steroid\x64\release\ai-steroid.res
c:\users\antoine0\source\repos\ai-steroid\ai-steroid\x64\release\ai-steroid.tlog\ai-steroid.write.1u.tlog
c:\users\antoine0\source\repos\ai-steroid\ai-steroid\x64\release\ai-steroid.tlog\cl.command.1.tlog
c:\users\antoine0\source\repos\ai-steroid\ai-steroid\x64\release\ai-steroid.tlog\cl.read.1.tlog
c:\users\antoine0\source\repos\ai-steroid\ai-steroid\x64\release\ai-steroid.tlog\cl.write.1.tlog
c:\users\antoine0\source\repos\ai-steroid\ai-steroid\x64\release\ai-steroid.tlog\link.command.1.tlog
c:\users\antoine0\source\repos\ai-steroid\ai-steroid\x64\release\ai-steroid.tlog\link.read.1.tlog
c:\users\antoine0\source\repos\ai-steroid\ai-steroid\x64\release\ai-steroid.tlog\link.write.1.tlog
c:\users\antoine0\source\repos\ai-steroid\ai-steroid\x64\release\ai-steroid.tlog\rc.command.1.tlog
c:\users\antoine0\source\repos\ai-steroid\ai-steroid\x64\release\ai-steroid.tlog\rc.read.1.tlog
c:\users\antoine0\source\repos\ai-steroid\ai-steroid\x64\release\ai-steroid.tlog\rc.write.1.tlog
