c:\users\antoine0\source\repos\neat-master\neat\x64\debug\neat.pdb
c:\users\antoine0\source\repos\neat-master\neat\x64\debug\neat.idb
c:\users\antoine0\source\repos\neat-master\neat\x64\debug\gene.obj
c:\users\antoine0\source\repos\neat-master\neat\x64\debug\genome.obj
c:\users\antoine0\source\repos\neat-master\neat\x64\debug\innovation.obj
c:\users\antoine0\source\repos\neat-master\neat\x64\debug\link.obj
c:\users\antoine0\source\repos\neat-master\neat\x64\debug\neat.obj
c:\users\antoine0\source\repos\neat-master\neat\x64\debug\network.obj
c:\users\antoine0\source\repos\neat-master\neat\x64\debug\nnode.obj
c:\users\antoine0\source\repos\neat-master\neat\x64\debug\organism.obj
c:\users\antoine0\source\repos\neat-master\neat\x64\debug\population.obj
c:\users\antoine0\source\repos\neat-master\neat\x64\debug\species.obj
c:\users\antoine0\source\repos\neat-master\neat\x64\debug\trait.obj
c:\users\antoine0\source\repos\neat-master\x64\debug\neat.lib
c:\users\antoine0\source\repos\neat-master\x64\debug\neat.pdb
c:\users\antoine0\source\repos\neat-master\neat\x64\debug\neat.tlog\cl.command.1.tlog
c:\users\antoine0\source\repos\neat-master\neat\x64\debug\neat.tlog\cl.read.1.tlog
c:\users\antoine0\source\repos\neat-master\neat\x64\debug\neat.tlog\cl.write.1.tlog
c:\users\antoine0\source\repos\neat-master\neat\x64\debug\neat.tlog\lib-link.read.1.tlog
c:\users\antoine0\source\repos\neat-master\neat\x64\debug\neat.tlog\lib-link.write.1.tlog
c:\users\antoine0\source\repos\neat-master\neat\x64\debug\neat.tlog\lib.command.1.tlog
